<?xml version="1.0" encoding="UTF-8"?>
<testng-results ignored="0" total="5" passed="4" failed="1" skipped="0">
  <reporter-output>
  </reporter-output>
  <suite started-at="2026-04-28T11:46:35 IST" name="Suite" finished-at="2026-04-28T11:46:50 IST" duration-ms="14886">
    <groups>
    </groups>
    <test started-at="2026-04-28T11:46:35 IST" name="Test" finished-at="2026-04-28T11:46:50 IST" duration-ms="14886">
      <class name="com.QaFoxDemo.QaFoxDemo">
        <test-method is-config="true" signature="beforeMethod(java.lang.String,java.lang.String)[pri:0, instance:com.QaFoxDemo.QaFoxDemo@7516e4e5]" started-at="2026-04-28T11:46:35 IST" name="beforeMethod" finished-at="2026-04-28T11:46:38 IST" duration-ms="2598" status="PASS">
          <params>
            <param index="0">
              <value>
                <![CDATA[chrome]]>
              </value>
            </param>
            <param index="1">
              <value>
                <![CDATA[https://tutorialsninja.com/demo/]]>
              </value>
            </param>
          </params>
          <reporter-output>
          </reporter-output>
        </test-method> <!-- beforeMethod -->
        <test-method is-config="true" signature="beforeMethod(java.lang.String,java.lang.String)[pri:0, instance:com.QaFoxDemo.QaFoxDemo@7516e4e5]" started-at="2026-04-28T11:46:35 IST" name="beforeMethod" finished-at="2026-04-28T11:46:38 IST" duration-ms="2711" status="PASS">
          <params>
            <param index="0">
              <value>
                <![CDATA[chrome]]>
              </value>
            </param>
            <param index="1">
              <value>
                <![CDATA[https://tutorialsninja.com/demo/]]>
              </value>
            </param>
          </params>
          <reporter-output>
          </reporter-output>
        </test-method> <!-- beforeMethod -->
        <test-method signature="invalidLogin(java.lang.String,java.lang.String)[pri:0, instance:com.QaFoxDemo.QaFoxDemo@7516e4e5]" started-at="2026-04-28T11:46:38 IST" name="invalidLogin" data-provider="invalidData" finished-at="2026-04-28T11:46:41 IST" duration-ms="2829" status="PASS">
          <params>
            <param index="0">
              <value>
                <![CDATA[jaggu@gmail.com]]>
              </value>
            </param>
            <param index="1">
              <value>
                <![CDATA[jagadeep12]]>
              </value>
            </param>
          </params>
          <reporter-output>
          </reporter-output>
        </test-method> <!-- invalidLogin -->
        <test-method signature="invalidLogin(java.lang.String,java.lang.String)[pri:0, instance:com.QaFoxDemo.QaFoxDemo@7516e4e5]" started-at="2026-04-28T11:46:38 IST" name="invalidLogin" data-provider="invalidData" finished-at="2026-04-28T11:46:41 IST" duration-ms="2981" status="PASS">
          <params>
            <param index="0">
              <value>
                <![CDATA[jaggudeep@gamil.com]]>
              </value>
            </param>
            <param index="1">
              <value>
                <![CDATA[jaggu12]]>
              </value>
            </param>
          </params>
          <reporter-output>
          </reporter-output>
        </test-method> <!-- invalidLogin -->
        <test-method is-config="true" signature="afterMethod()[pri:0, instance:com.QaFoxDemo.QaFoxDemo@7516e4e5]" started-at="2026-04-28T11:46:41 IST" name="afterMethod" finished-at="2026-04-28T11:46:41 IST" duration-ms="297" status="PASS">
          <reporter-output>
          </reporter-output>
        </test-method> <!-- afterMethod -->
        <test-method is-config="true" signature="afterMethod()[pri:0, instance:com.QaFoxDemo.QaFoxDemo@7516e4e5]" started-at="2026-04-28T11:46:41 IST" name="afterMethod" finished-at="2026-04-28T11:46:41 IST" duration-ms="172" status="PASS">
          <reporter-output>
          </reporter-output>
        </test-method> <!-- afterMethod -->
        <test-method is-config="true" signature="beforeMethod(java.lang.String,java.lang.String)[pri:0, instance:com.QaFoxDemo.QaFoxDemo@7516e4e5]" started-at="2026-04-28T11:46:41 IST" name="beforeMethod" finished-at="2026-04-28T11:46:43 IST" duration-ms="1664" status="PASS">
          <params>
            <param index="0">
              <value>
                <![CDATA[chrome]]>
              </value>
            </param>
            <param index="1">
              <value>
                <![CDATA[https://tutorialsninja.com/demo/]]>
              </value>
            </param>
          </params>
          <reporter-output>
          </reporter-output>
        </test-method> <!-- beforeMethod -->
        <test-method signature="invalidSearchKeyword(java.lang.String)[pri:0, instance:com.QaFoxDemo.QaFoxDemo@7516e4e5]" started-at="2026-04-28T11:46:43 IST" name="invalidSearchKeyword" finished-at="2026-04-28T11:46:43 IST" duration-ms="384" status="PASS">
          <params>
            <param index="0">
              <value>
                <![CDATA[kiot]]>
              </value>
            </param>
          </params>
          <reporter-output>
          </reporter-output>
        </test-method> <!-- invalidSearchKeyword -->
        <test-method is-config="true" signature="afterMethod()[pri:0, instance:com.QaFoxDemo.QaFoxDemo@7516e4e5]" started-at="2026-04-28T11:46:43 IST" name="afterMethod" finished-at="2026-04-28T11:46:44 IST" duration-ms="221" status="PASS">
          <reporter-output>
          </reporter-output>
        </test-method> <!-- afterMethod -->
        <test-method is-config="true" signature="beforeMethod(java.lang.String,java.lang.String)[pri:0, instance:com.QaFoxDemo.QaFoxDemo@7516e4e5]" started-at="2026-04-28T11:46:44 IST" name="beforeMethod" finished-at="2026-04-28T11:46:45 IST" duration-ms="1505" status="PASS">
          <params>
            <param index="0">
              <value>
                <![CDATA[chrome]]>
              </value>
            </param>
            <param index="1">
              <value>
                <![CDATA[https://tutorialsninja.com/demo/]]>
              </value>
            </param>
          </params>
          <reporter-output>
          </reporter-output>
        </test-method> <!-- beforeMethod -->
        <test-method signature="validLogin(java.lang.String,java.lang.String)[pri:0, instance:com.QaFoxDemo.QaFoxDemo@7516e4e5]" started-at="2026-04-28T11:46:45 IST" name="validLogin" data-provider="validData" finished-at="2026-04-28T11:46:47 IST" duration-ms="1816" status="FAIL">
          <params>
            <param index="0">
              <value>
                <![CDATA[jaggudeep@gmail.com]]>
              </value>
            </param>
            <param index="1">
              <value>
                <![CDATA[jagadeep12]]>
              </value>
            </param>
          </params>
          <exception class="java.lang.AssertionError">
            <message>
              <![CDATA[expected [true] but found [false]]]>
            </message>
            <full-stacktrace>
              <![CDATA[java.lang.AssertionError: expected [true] but found [false]
at org.testng.Assert.fail(Assert.java:111)
at org.testng.Assert.failNotEquals(Assert.java:1590)
at org.testng.Assert.assertTrue(Assert.java:57)
at org.testng.Assert.assertTrue(Assert.java:67)
at com.QaFoxDemo.QaFoxDemo.validLogin(QaFoxDemo.java:49)
at java.base/jdk.internal.reflect.DirectMethodHandleAccessor.invoke(DirectMethodHandleAccessor.java:103)
at java.base/java.lang.reflect.Method.invoke(Method.java:580)
at org.testng.internal.invokers.MethodInvocationHelper.invokeMethod(MethodInvocationHelper.java:141)
at org.testng.internal.invokers.TestInvoker.invokeMethod(TestInvoker.java:697)
at org.testng.internal.invokers.TestInvoker.invokeTestMethod(TestInvoker.java:230)
at org.testng.internal.invokers.MethodRunner.runInSequence(MethodRunner.java:63)
at org.testng.internal.invokers.TestInvoker$MethodInvocationAgent.invoke(TestInvoker.java:1005)
at org.testng.internal.invokers.TestInvoker.invokeTestMethods(TestInvoker.java:203)
at org.testng.internal.invokers.TestMethodWorker.invokeTestMethods(TestMethodWorker.java:154)
at org.testng.internal.invokers.TestMethodWorker.run(TestMethodWorker.java:134)
at java.base/java.util.ArrayList.forEach(ArrayList.java:1597)
at org.testng.TestRunner.privateRun(TestRunner.java:744)
at org.testng.TestRunner.run(TestRunner.java:616)
at org.testng.SuiteRunner.runTest(SuiteRunner.java:421)
at org.testng.SuiteRunner.runSequentially(SuiteRunner.java:413)
at org.testng.SuiteRunner.privateRun(SuiteRunner.java:373)
at org.testng.SuiteRunner.run(SuiteRunner.java:312)
at org.testng.SuiteRunnerWorker.runSuite(SuiteRunnerWorker.java:52)
at org.testng.SuiteRunnerWorker.run(SuiteRunnerWorker.java:95)
at org.testng.TestNG.runSuitesSequentially(TestNG.java:1274)
at org.testng.TestNG.runSuitesLocally(TestNG.java:1208)
at org.testng.TestNG.runSuites(TestNG.java:1112)
at org.testng.TestNG.run(TestNG.java:1079)
at org.testng.remote.AbstractRemoteTestNG.run(AbstractRemoteTestNG.java:115)
at org.testng.remote.RemoteTestNG.initAndRun(RemoteTestNG.java:293)
at org.testng.remote.RemoteTestNG.main(RemoteTestNG.java:91)
]]>
            </full-stacktrace>
          </exception> <!-- java.lang.AssertionError -->
          <reporter-output>
          </reporter-output>
        </test-method> <!-- validLogin -->
        <test-method is-config="true" signature="afterMethod()[pri:0, instance:com.QaFoxDemo.QaFoxDemo@7516e4e5]" started-at="2026-04-28T11:46:47 IST" name="afterMethod" finished-at="2026-04-28T11:46:47 IST" duration-ms="204" status="PASS">
          <reporter-output>
          </reporter-output>
        </test-method> <!-- afterMethod -->
        <test-method is-config="true" signature="beforeMethod(java.lang.String,java.lang.String)[pri:0, instance:com.QaFoxDemo.QaFoxDemo@7516e4e5]" started-at="2026-04-28T11:46:47 IST" name="beforeMethod" finished-at="2026-04-28T11:46:49 IST" duration-ms="1690" status="PASS">
          <params>
            <param index="0">
              <value>
                <![CDATA[chrome]]>
              </value>
            </param>
            <param index="1">
              <value>
                <![CDATA[https://tutorialsninja.com/demo/]]>
              </value>
            </param>
          </params>
          <reporter-output>
          </reporter-output>
        </test-method> <!-- beforeMethod -->
        <test-method signature="validSearchKeyword(java.lang.String)[pri:0, instance:com.QaFoxDemo.QaFoxDemo@7516e4e5]" started-at="2026-04-28T11:46:49 IST" name="validSearchKeyword" finished-at="2026-04-28T11:46:50 IST" duration-ms="584" status="PASS">
          <params>
            <param index="0">
              <value>
                <![CDATA[mac]]>
              </value>
            </param>
          </params>
          <reporter-output>
          </reporter-output>
        </test-method> <!-- validSearchKeyword -->
        <test-method is-config="true" signature="afterMethod()[pri:0, instance:com.QaFoxDemo.QaFoxDemo@7516e4e5]" started-at="2026-04-28T11:46:50 IST" name="afterMethod" finished-at="2026-04-28T11:46:50 IST" duration-ms="190" status="PASS">
          <reporter-output>
          </reporter-output>
        </test-method> <!-- afterMethod -->
      </class> <!-- com.QaFoxDemo.QaFoxDemo -->
    </test> <!-- Test -->
  </suite> <!-- Suite -->
</testng-results>
