<?xml version="1.0" encoding="UTF-8"?>
<!-- Generated by org.testng.reporters.JUnitReportReporter -->
<testsuite hostname="DharshanJayapal" failures="0" tests="3" name="org.expleo.SeleniumAndTesting.TestNG_Demo" time="12.903" errors="0" timestamp="2026-04-17T16:00:50 IST" skipped="0">
  <testcase classname="org.expleo.SeleniumAndTesting.TestNG_Demo" name="Invalidlogin2" time="4.302"/>
  <testcase classname="org.expleo.SeleniumAndTesting.TestNG_Demo" name="Invlaidlogin" time="4.294"/>
  <testcase classname="org.expleo.SeleniumAndTesting.TestNG_Demo" name="login" time="4.307"/>
</testsuite> <!-- org.expleo.SeleniumAndTesting.TestNG_Demo -->
