<?xml version="1.0" encoding="UTF-8"?>
<!-- Generated by org.testng.reporters.JUnitReportReporter -->
<testsuite hostname="DharshanJayapal" failures="0" tests="4" name="org.expleo.SeleniumAndTesting.TestAnnotationsExample" time="0.018" errors="0" timestamp="2026-04-16T15:49:26 IST" skipped="0">
  <testcase classname="org.expleo.SeleniumAndTesting.TestAnnotationsExample" name="f" time="0.008"/>
  <testcase classname="org.expleo.SeleniumAndTesting.TestAnnotationsExample" name="loginTest" time="0.003"/>
  <testcase classname="org.expleo.SeleniumAndTesting.TestAnnotationsExample" name="f" time="0.003"/>
  <testcase classname="org.expleo.SeleniumAndTesting.TestAnnotationsExample" name="logoutTest" time="0.004"/>
</testsuite> <!-- org.expleo.SeleniumAndTesting.TestAnnotationsExample -->
