<?xml version="1.0" encoding="UTF-8"?>
<!-- Generated by org.testng.reporters.JUnitReportReporter -->
<testsuite hostname="DharshanJayapal" failures="0" tests="3" name="org.expleo.SeleniumAndTesting.DemoTest1" time="0.008" errors="0" timestamp="2026-04-16T14:49:58 IST" skipped="0">
  <testcase classname="org.expleo.SeleniumAndTesting.DemoTest1" name="b" time="0.001"/>
  <testcase classname="org.expleo.SeleniumAndTesting.DemoTest1" name="a" time="0.005"/>
  <testcase classname="org.expleo.SeleniumAndTesting.DemoTest1" name="c" time="0.002"/>
</testsuite> <!-- org.expleo.SeleniumAndTesting.DemoTest1 -->
