<?xml version="1.0" encoding="UTF-8"?>
<!-- Generated by org.testng.reporters.JUnitXMLReporter -->
<testsuite ignored="0" hostname="DharshanJayapal" failures="0" tests="5" name="Test" time="15.038" errors="0" timestamp="2026-04-22T14:35:02 IST">
  <testcase classname="com.QaFoxDemo.QaFoxDemo" name="invalidLogin" time="1.934"/>
  <testcase classname="com.QaFoxDemo.QaFoxDemo" name="invalidLogin" time="2.02"/>
  <testcase classname="com.QaFoxDemo.QaFoxDemo" name="invalidSearchKeyword" time="0.903"/>
  <testcase classname="com.QaFoxDemo.QaFoxDemo" name="validLogin" time="1.819"/>
  <testcase classname="com.QaFoxDemo.QaFoxDemo" name="validSearchKeyword" time="1.013"/>
</testsuite> <!-- Test -->
