<?xml version="1.0" encoding="UTF-8"?>
<!-- Generated by org.testng.reporters.JUnitXMLReporter -->
<testsuite ignored="0" hostname="DharshanJayapal" failures="1" tests="5" name="Test" time="14.886" errors="0" timestamp="2026-04-28T11:46:50 IST">
  <testcase classname="com.QaFoxDemo.QaFoxDemo" name="invalidLogin" time="2.829"/>
  <testcase classname="com.QaFoxDemo.QaFoxDemo" name="invalidLogin" time="2.981"/>
  <testcase classname="com.QaFoxDemo.QaFoxDemo" name="invalidSearchKeyword" time="0.384"/>
  <testcase classname="com.QaFoxDemo.QaFoxDemo" name="validLogin" time="1.816">
    <failure type="java.lang.AssertionError" message="expected [true] but found [false]">
      <![CDATA[java.lang.AssertionError: expected [true] but found [false]
at com.QaFoxDemo.QaFoxDemo.validLogin(QaFoxDemo.java:49)
at java.base/java.util.ArrayList.forEach(ArrayList.java:1597)
... Removed 29 stack frames]]>
    </failure>
  </testcase> <!-- validLogin -->
  <testcase classname="com.QaFoxDemo.QaFoxDemo" name="validSearchKeyword" time="0.584"/>
</testsuite> <!-- Test -->
