<?xml version="1.0" encoding="UTF-8"?>
<!-- Generated by org.testng.reporters.JUnitXMLReporter -->
<testsuite ignored="0" hostname="DharshanJayapal" failures="1" tests="2" name="Default test" time="18.743" errors="0" timestamp="2026-05-10T22:32:44 IST">
  <testcase classname="io.cucumber.testng.AbstractTestNGCucumberTests" name="runScenario" time="18.07"/>
  <testcase classname="io.cucumber.testng.AbstractTestNGCucumberTests" name="runScenario" time="18.143">
    <failure type="java.lang.NullPointerException" message="Cannot invoke &amp;quot;org.openqa.selenium.WebElement.getText()&amp;quot; because &amp;quot;this.loginLocators.message&amp;quot; is null">
      <![CDATA[java.lang.NullPointerException: Cannot invoke "org.openqa.selenium.WebElement.getText()" because "this.loginLocators.message" is null
at com.stepDefinition.LoginPageDefinition.the_user_should_see_invalid_credentials_message(LoginPageDefinition.java:37)
at ✽.the user should see invalid credentials message(file:///C:/Users/dhars/Documents/SeleniumAndTesting/HRMExtentReport/src/test/resources/com/features/LoginHRM.feature:14)
]]>
    </failure>
  </testcase> <!-- runScenario -->
</testsuite> <!-- Default test -->
