<?xml version="1.0" encoding="UTF-8"?>
<testng-results ignored="0" total="6" passed="5" failed="1" skipped="0">
  <reporter-output>
  </reporter-output>
  <suite started-at="2026-04-29T19:18:06 IST" name="Suite" finished-at="2026-04-29T19:18:56 IST" duration-ms="50501">
    <groups>
    </groups>
    <test started-at="2026-04-29T19:18:06 IST" name="Test" finished-at="2026-04-29T19:18:56 IST" duration-ms="50501">
      <class name="com.tests.LoginPageTest">
        <test-method is-config="true" signature="beforeMethod(java.lang.String,java.lang.String)[pri:0, instance:com.tests.LoginPageTest@1af146]" started-at="2026-04-29T19:18:06 IST" name="beforeMethod" finished-at="2026-04-29T19:18:10 IST" duration-ms="3940" status="PASS">
          <params>
            <param index="0">
              <value>
                <![CDATA[chrome]]>
              </value>
            </param>
            <param index="1">
              <value>
                <![CDATA[https://demoblaze.com/]]>
              </value>
            </param>
          </params>
          <reporter-output>
          </reporter-output>
        </test-method> <!-- beforeMethod -->
        <test-method signature="validloginTest(java.lang.String,java.lang.String)[pri:1, instance:com.tests.LoginPageTest@1af146]" started-at="2026-04-29T19:18:10 IST" name="validloginTest" finished-at="2026-04-29T19:18:14 IST" duration-ms="3926" status="FAIL">
          <params>
            <param index="0">
              <value>
                <![CDATA[DarshanRaj]]>
              </value>
            </param>
            <param index="1">
              <value>
                <![CDATA[dharshan123]]>
              </value>
            </param>
          </params>
          <exception class="java.lang.AssertionError">
            <message>
              <![CDATA[null]]>
            </message>
            <full-stacktrace>
              <![CDATA[java.lang.AssertionError: null
at org.testng.Assert.fail(Assert.java:111)
at org.testng.Assert.fail(Assert.java:116)
at com.tests.LoginPageTest.validloginTest(LoginPageTest.java:26)
at java.base/jdk.internal.reflect.DirectMethodHandleAccessor.invoke(DirectMethodHandleAccessor.java:103)
at java.base/java.lang.reflect.Method.invoke(Method.java:580)
at org.testng.internal.invokers.MethodInvocationHelper.invokeMethod(MethodInvocationHelper.java:141)
at org.testng.internal.invokers.TestInvoker.invokeMethod(TestInvoker.java:697)
at org.testng.internal.invokers.TestInvoker.invokeTestMethod(TestInvoker.java:230)
at org.testng.internal.invokers.MethodRunner.runInSequence(MethodRunner.java:63)
at org.testng.internal.invokers.TestInvoker$MethodInvocationAgent.invoke(TestInvoker.java:1005)
at org.testng.internal.invokers.TestInvoker.invokeTestMethods(TestInvoker.java:203)
at org.testng.internal.invokers.TestMethodWorker.invokeTestMethods(TestMethodWorker.java:154)
at org.testng.internal.invokers.TestMethodWorker.run(TestMethodWorker.java:134)
at java.base/java.util.ArrayList.forEach(ArrayList.java:1597)
at org.testng.TestRunner.privateRun(TestRunner.java:744)
at org.testng.TestRunner.run(TestRunner.java:616)
at org.testng.SuiteRunner.runTest(SuiteRunner.java:421)
at org.testng.SuiteRunner.runSequentially(SuiteRunner.java:413)
at org.testng.SuiteRunner.privateRun(SuiteRunner.java:373)
at org.testng.SuiteRunner.run(SuiteRunner.java:312)
at org.testng.SuiteRunnerWorker.runSuite(SuiteRunnerWorker.java:52)
at org.testng.SuiteRunnerWorker.run(SuiteRunnerWorker.java:95)
at org.testng.TestNG.runSuitesSequentially(TestNG.java:1274)
at org.testng.TestNG.runSuitesLocally(TestNG.java:1208)
at org.testng.TestNG.runSuites(TestNG.java:1112)
at org.testng.TestNG.run(TestNG.java:1079)
at org.testng.remote.AbstractRemoteTestNG.run(AbstractRemoteTestNG.java:115)
at org.testng.remote.RemoteTestNG.initAndRun(RemoteTestNG.java:293)
at org.testng.remote.RemoteTestNG.main(RemoteTestNG.java:91)
]]>
            </full-stacktrace>
          </exception> <!-- java.lang.AssertionError -->
          <reporter-output>
          </reporter-output>
        </test-method> <!-- validloginTest -->
        <test-method is-config="true" signature="afterMethod()[pri:0, instance:com.tests.LoginPageTest@1af146]" started-at="2026-04-29T19:18:14 IST" name="afterMethod" finished-at="2026-04-29T19:18:14 IST" duration-ms="276" status="PASS">
          <reporter-output>
          </reporter-output>
        </test-method> <!-- afterMethod -->
        <test-method is-config="true" signature="beforeMethod(java.lang.String,java.lang.String)[pri:0, instance:com.tests.LoginPageTest@1af146]" started-at="2026-04-29T19:18:15 IST" name="beforeMethod" finished-at="2026-04-29T19:18:18 IST" duration-ms="3594" status="PASS">
          <params>
            <param index="0">
              <value>
                <![CDATA[chrome]]>
              </value>
            </param>
            <param index="1">
              <value>
                <![CDATA[https://demoblaze.com/]]>
              </value>
            </param>
          </params>
          <reporter-output>
          </reporter-output>
        </test-method> <!-- beforeMethod -->
        <test-method signature="validLoginExcel(java.lang.String,java.lang.String)[pri:2, instance:com.tests.LoginPageTest@1af146]" started-at="2026-04-29T19:18:18 IST" name="validLoginExcel" data-provider="validData" finished-at="2026-04-29T19:18:22 IST" duration-ms="3942" status="PASS">
          <params>
            <param index="0">
              <value>
                <![CDATA[DarshanRaj]]>
              </value>
            </param>
            <param index="1">
              <value>
                <![CDATA[dharshan123]]>
              </value>
            </param>
          </params>
          <reporter-output>
          </reporter-output>
        </test-method> <!-- validLoginExcel -->
        <test-method is-config="true" signature="afterMethod()[pri:0, instance:com.tests.LoginPageTest@1af146]" started-at="2026-04-29T19:18:22 IST" name="afterMethod" finished-at="2026-04-29T19:18:23 IST" duration-ms="272" status="PASS">
          <reporter-output>
          </reporter-output>
        </test-method> <!-- afterMethod -->
        <test-method is-config="true" signature="beforeMethod(java.lang.String,java.lang.String)[pri:0, instance:com.tests.LoginPageTest@1af146]" started-at="2026-04-29T19:18:23 IST" name="beforeMethod" finished-at="2026-04-29T19:18:26 IST" duration-ms="3494" status="PASS">
          <params>
            <param index="0">
              <value>
                <![CDATA[chrome]]>
              </value>
            </param>
            <param index="1">
              <value>
                <![CDATA[https://demoblaze.com/]]>
              </value>
            </param>
          </params>
          <reporter-output>
          </reporter-output>
        </test-method> <!-- beforeMethod -->
        <test-method signature="invalidLoginExcel(java.lang.String,java.lang.String)[pri:3, instance:com.tests.LoginPageTest@1af146]" started-at="2026-04-29T19:18:26 IST" name="invalidLoginExcel" data-provider="invalidData" finished-at="2026-04-29T19:18:27 IST" duration-ms="1239" status="PASS">
          <params>
            <param index="0">
              <value>
                <![CDATA[DarshanRaj]]>
              </value>
            </param>
            <param index="1">
              <value>
                <![CDATA[dars123]]>
              </value>
            </param>
          </params>
          <reporter-output>
          </reporter-output>
        </test-method> <!-- invalidLoginExcel -->
        <test-method is-config="true" signature="afterMethod()[pri:0, instance:com.tests.LoginPageTest@1af146]" started-at="2026-04-29T19:18:27 IST" name="afterMethod" finished-at="2026-04-29T19:18:28 IST" duration-ms="222" status="PASS">
          <reporter-output>
          </reporter-output>
        </test-method> <!-- afterMethod -->
        <test-method is-config="true" signature="beforeMethod(java.lang.String,java.lang.String)[pri:0, instance:com.tests.LoginPageTest@1af146]" started-at="2026-04-29T19:18:28 IST" name="beforeMethod" finished-at="2026-04-29T19:18:31 IST" duration-ms="2985" status="PASS">
          <params>
            <param index="0">
              <value>
                <![CDATA[chrome]]>
              </value>
            </param>
            <param index="1">
              <value>
                <![CDATA[https://demoblaze.com/]]>
              </value>
            </param>
          </params>
          <reporter-output>
          </reporter-output>
        </test-method> <!-- beforeMethod -->
        <test-method signature="invalidLoginExcel(java.lang.String,java.lang.String)[pri:3, instance:com.tests.LoginPageTest@1af146]" started-at="2026-04-29T19:18:31 IST" name="invalidLoginExcel" data-provider="invalidData" finished-at="2026-04-29T19:18:32 IST" duration-ms="1330" status="PASS">
          <params>
            <param index="0">
              <value>
                <![CDATA[Dharsh]]>
              </value>
            </param>
            <param index="1">
              <value>
                <![CDATA[dharshan123]]>
              </value>
            </param>
          </params>
          <reporter-output>
          </reporter-output>
        </test-method> <!-- invalidLoginExcel -->
        <test-method is-config="true" signature="afterMethod()[pri:0, instance:com.tests.LoginPageTest@1af146]" started-at="2026-04-29T19:18:32 IST" name="afterMethod" finished-at="2026-04-29T19:18:32 IST" duration-ms="254" status="PASS">
          <reporter-output>
          </reporter-output>
        </test-method> <!-- afterMethod -->
      </class> <!-- com.tests.LoginPageTest -->
      <class name="com.tests.ProductPageTest">
        <test-method is-config="true" signature="beforeMethod(java.lang.String,java.lang.String)[pri:0, instance:com.tests.ProductPageTest@129b4fe2]" started-at="2026-04-29T19:18:45 IST" name="beforeMethod" finished-at="2026-04-29T19:18:48 IST" duration-ms="3401" status="PASS">
          <params>
            <param index="0">
              <value>
                <![CDATA[chrome]]>
              </value>
            </param>
            <param index="1">
              <value>
                <![CDATA[https://demoblaze.com/]]>
              </value>
            </param>
          </params>
          <reporter-output>
          </reporter-output>
        </test-method> <!-- beforeMethod -->
        <test-method signature="productpageTest()[pri:0, instance:com.tests.ProductPageTest@129b4fe2]" started-at="2026-04-29T19:18:48 IST" name="productpageTest" finished-at="2026-04-29T19:18:56 IST" duration-ms="7801" status="PASS">
          <reporter-output>
          </reporter-output>
        </test-method> <!-- productpageTest -->
        <test-method is-config="true" signature="afterMethod()[pri:0, instance:com.tests.ProductPageTest@129b4fe2]" started-at="2026-04-29T19:18:56 IST" name="afterMethod" finished-at="2026-04-29T19:18:56 IST" duration-ms="302" status="PASS">
          <reporter-output>
          </reporter-output>
        </test-method> <!-- afterMethod -->
      </class> <!-- com.tests.ProductPageTest -->
      <class name="com.tests.HomePageTest">
        <test-method is-config="true" signature="beforeMethod(java.lang.String,java.lang.String)[pri:0, instance:com.tests.HomePageTest@758c83d8]" started-at="2026-04-29T19:18:32 IST" name="beforeMethod" finished-at="2026-04-29T19:18:35 IST" duration-ms="2605" status="PASS">
          <params>
            <param index="0">
              <value>
                <![CDATA[chrome]]>
              </value>
            </param>
            <param index="1">
              <value>
                <![CDATA[https://demoblaze.com/]]>
              </value>
            </param>
          </params>
          <reporter-output>
          </reporter-output>
        </test-method> <!-- beforeMethod -->
        <test-method signature="homepageTest()[pri:0, instance:com.tests.HomePageTest@758c83d8]" started-at="2026-04-29T19:18:35 IST" name="homepageTest" finished-at="2026-04-29T19:18:44 IST" duration-ms="9563" status="PASS">
          <reporter-output>
          </reporter-output>
        </test-method> <!-- homepageTest -->
        <test-method is-config="true" signature="afterMethod()[pri:0, instance:com.tests.HomePageTest@758c83d8]" started-at="2026-04-29T19:18:44 IST" name="afterMethod" finished-at="2026-04-29T19:18:45 IST" duration-ms="303" status="PASS">
          <reporter-output>
          </reporter-output>
        </test-method> <!-- afterMethod -->
      </class> <!-- com.tests.HomePageTest -->
    </test> <!-- Test -->
  </suite> <!-- Suite -->
</testng-results>
