<?xml version="1.0" encoding="UTF-8"?>
<testng-results ignored="0" total="6" passed="6" failed="0" skipped="0">
  <reporter-output>
  </reporter-output>
  <suite started-at="2026-04-30T11:27:02 IST" name="Suite" finished-at="2026-04-30T11:27:29 IST" duration-ms="27447">
    <groups>
    </groups>
    <test started-at="2026-04-30T11:27:02 IST" name="Test" finished-at="2026-04-30T11:27:29 IST" duration-ms="27447">
      <class name="com.tests.LoginPageTest">
        <test-method is-config="true" signature="beforeMethod(java.lang.String,java.lang.String)[pri:0, instance:com.tests.LoginPageTest@1af146]" started-at="2026-04-30T11:27:02 IST" name="beforeMethod" finished-at="2026-04-30T11:27:18 IST" duration-ms="15590" status="PASS">
          <params>
            <param index="0">
              <value>
                <![CDATA[chrome]]>
              </value>
            </param>
            <param index="1">
              <value>
                <![CDATA[https://demoblaze.com/]]>
              </value>
            </param>
          </params>
          <reporter-output>
          </reporter-output>
        </test-method> <!-- beforeMethod -->
        <test-method is-config="true" signature="beforeMethod(java.lang.String,java.lang.String)[pri:0, instance:com.tests.LoginPageTest@1af146]" started-at="2026-04-30T11:27:03 IST" name="beforeMethod" finished-at="2026-04-30T11:27:18 IST" duration-ms="14798" status="PASS">
          <params>
            <param index="0">
              <value>
                <![CDATA[chrome]]>
              </value>
            </param>
            <param index="1">
              <value>
                <![CDATA[https://demoblaze.com/]]>
              </value>
            </param>
          </params>
          <reporter-output>
          </reporter-output>
        </test-method> <!-- beforeMethod -->
        <test-method is-config="true" signature="beforeMethod(java.lang.String,java.lang.String)[pri:0, instance:com.tests.LoginPageTest@1af146]" started-at="2026-04-30T11:27:03 IST" name="beforeMethod" finished-at="2026-04-30T11:27:23 IST" duration-ms="19952" status="PASS">
          <params>
            <param index="0">
              <value>
                <![CDATA[chrome]]>
              </value>
            </param>
            <param index="1">
              <value>
                <![CDATA[https://demoblaze.com/]]>
              </value>
            </param>
          </params>
          <reporter-output>
          </reporter-output>
        </test-method> <!-- beforeMethod -->
        <test-method signature="validLoginExcel(java.lang.String,java.lang.String)[pri:2, instance:com.tests.LoginPageTest@1af146]" started-at="2026-04-30T11:27:18 IST" name="validLoginExcel" data-provider="validData" finished-at="2026-04-30T11:27:22 IST" duration-ms="4549" status="PASS">
          <params>
            <param index="0">
              <value>
                <![CDATA[DarshanRaj]]>
              </value>
            </param>
            <param index="1">
              <value>
                <![CDATA[dharshan123]]>
              </value>
            </param>
          </params>
          <reporter-output>
          </reporter-output>
        </test-method> <!-- validLoginExcel -->
        <test-method signature="validloginTest(java.lang.String,java.lang.String)[pri:1, instance:com.tests.LoginPageTest@1af146]" started-at="2026-04-30T11:27:18 IST" name="validloginTest" finished-at="2026-04-30T11:27:22 IST" duration-ms="4527" status="PASS">
          <params>
            <param index="0">
              <value>
                <![CDATA[DarshanRaj]]>
              </value>
            </param>
            <param index="1">
              <value>
                <![CDATA[dharshan123]]>
              </value>
            </param>
          </params>
          <reporter-output>
          </reporter-output>
        </test-method> <!-- validloginTest -->
        <test-method is-config="true" signature="afterMethod()[pri:0, instance:com.tests.LoginPageTest@1af146]" started-at="2026-04-30T11:27:22 IST" name="afterMethod" finished-at="2026-04-30T11:27:22 IST" duration-ms="341" status="PASS">
          <reporter-output>
          </reporter-output>
        </test-method> <!-- afterMethod -->
        <test-method is-config="true" signature="afterMethod()[pri:0, instance:com.tests.LoginPageTest@1af146]" started-at="2026-04-30T11:27:22 IST" name="afterMethod" finished-at="2026-04-30T11:27:22 IST" duration-ms="321" status="PASS">
          <reporter-output>
          </reporter-output>
        </test-method> <!-- afterMethod -->
        <test-method signature="invalidLoginExcel(java.lang.String,java.lang.String)[pri:3, instance:com.tests.LoginPageTest@1af146]" started-at="2026-04-30T11:27:23 IST" name="invalidLoginExcel" data-provider="invalidData" finished-at="2026-04-30T11:27:24 IST" duration-ms="1136" status="PASS">
          <params>
            <param index="0">
              <value>
                <![CDATA[DarshanRaj]]>
              </value>
            </param>
            <param index="1">
              <value>
                <![CDATA[dars123]]>
              </value>
            </param>
          </params>
          <reporter-output>
          </reporter-output>
        </test-method> <!-- invalidLoginExcel -->
        <test-method is-config="true" signature="afterMethod()[pri:0, instance:com.tests.LoginPageTest@1af146]" started-at="2026-04-30T11:27:24 IST" name="afterMethod" finished-at="2026-04-30T11:27:26 IST" duration-ms="1734" status="PASS">
          <reporter-output>
          </reporter-output>
        </test-method> <!-- afterMethod -->
        <test-method is-config="true" signature="beforeMethod(java.lang.String,java.lang.String)[pri:0, instance:com.tests.LoginPageTest@1af146]" started-at="2026-04-30T11:27:26 IST" name="beforeMethod" finished-at="2026-04-30T11:27:28 IST" duration-ms="2531" status="PASS">
          <params>
            <param index="0">
              <value>
                <![CDATA[chrome]]>
              </value>
            </param>
            <param index="1">
              <value>
                <![CDATA[https://demoblaze.com/]]>
              </value>
            </param>
          </params>
          <reporter-output>
          </reporter-output>
        </test-method> <!-- beforeMethod -->
        <test-method signature="invalidLoginExcel(java.lang.String,java.lang.String)[pri:3, instance:com.tests.LoginPageTest@1af146]" started-at="2026-04-30T11:27:28 IST" name="invalidLoginExcel" data-provider="invalidData" finished-at="2026-04-30T11:27:29 IST" duration-ms="1027" status="PASS">
          <params>
            <param index="0">
              <value>
                <![CDATA[Dharsh]]>
              </value>
            </param>
            <param index="1">
              <value>
                <![CDATA[dharshan123]]>
              </value>
            </param>
          </params>
          <reporter-output>
          </reporter-output>
        </test-method> <!-- invalidLoginExcel -->
        <test-method is-config="true" signature="afterMethod()[pri:0, instance:com.tests.LoginPageTest@1af146]" started-at="2026-04-30T11:27:29 IST" name="afterMethod" finished-at="2026-04-30T11:27:29 IST" duration-ms="220" status="PASS">
          <reporter-output>
          </reporter-output>
        </test-method> <!-- afterMethod -->
      </class> <!-- com.tests.LoginPageTest -->
      <class name="com.tests.ProductPageTest">
        <test-method is-config="true" signature="beforeMethod(java.lang.String,java.lang.String)[pri:0, instance:com.tests.ProductPageTest@129b4fe2]" started-at="2026-04-30T11:27:02 IST" name="beforeMethod" finished-at="2026-04-30T11:27:17 IST" duration-ms="15475" status="PASS">
          <params>
            <param index="0">
              <value>
                <![CDATA[chrome]]>
              </value>
            </param>
            <param index="1">
              <value>
                <![CDATA[https://demoblaze.com/]]>
              </value>
            </param>
          </params>
          <reporter-output>
          </reporter-output>
        </test-method> <!-- beforeMethod -->
        <test-method signature="productpageTest()[pri:0, instance:com.tests.ProductPageTest@129b4fe2]" started-at="2026-04-30T11:27:17 IST" name="productpageTest" finished-at="2026-04-30T11:27:25 IST" duration-ms="7869" status="PASS">
          <reporter-output>
          </reporter-output>
        </test-method> <!-- productpageTest -->
        <test-method is-config="true" signature="afterMethod()[pri:0, instance:com.tests.ProductPageTest@129b4fe2]" started-at="2026-04-30T11:27:25 IST" name="afterMethod" finished-at="2026-04-30T11:27:26 IST" duration-ms="277" status="PASS">
          <reporter-output>
          </reporter-output>
        </test-method> <!-- afterMethod -->
      </class> <!-- com.tests.ProductPageTest -->
      <class name="com.tests.HomePageTest">
        <test-method is-config="true" signature="beforeMethod(java.lang.String,java.lang.String)[pri:0, instance:com.tests.HomePageTest@758c83d8]" started-at="2026-04-30T11:27:02 IST" name="beforeMethod" finished-at="2026-04-30T11:27:18 IST" duration-ms="15559" status="PASS">
          <params>
            <param index="0">
              <value>
                <![CDATA[chrome]]>
              </value>
            </param>
            <param index="1">
              <value>
                <![CDATA[https://demoblaze.com/]]>
              </value>
            </param>
          </params>
          <reporter-output>
          </reporter-output>
        </test-method> <!-- beforeMethod -->
        <test-method signature="homepageTest()[pri:0, instance:com.tests.HomePageTest@758c83d8]" started-at="2026-04-30T11:27:18 IST" name="homepageTest" finished-at="2026-04-30T11:27:24 IST" duration-ms="6038" status="PASS">
          <reporter-output>
          </reporter-output>
        </test-method> <!-- homepageTest -->
        <test-method is-config="true" signature="afterMethod()[pri:0, instance:com.tests.HomePageTest@758c83d8]" started-at="2026-04-30T11:27:24 IST" name="afterMethod" finished-at="2026-04-30T11:27:24 IST" duration-ms="253" status="PASS">
          <reporter-output>
          </reporter-output>
        </test-method> <!-- afterMethod -->
      </class> <!-- com.tests.HomePageTest -->
    </test> <!-- Test -->
  </suite> <!-- Suite -->
</testng-results>
