<?xml version="1.0" encoding="UTF-8"?>
<testng-results ignored="0" total="3" passed="2" failed="1" skipped="0">
  <reporter-output>
  </reporter-output>
  <suite started-at="2026-04-17T16:22:12 IST" name="Default suite" finished-at="2026-04-17T16:22:26 IST" duration-ms="13899">
    <groups>
    </groups>
    <test started-at="2026-04-17T16:22:12 IST" name="Default test" finished-at="2026-04-17T16:22:26 IST" duration-ms="13899">
      <class name="org.expleo.SeleniumAndTesting.SoftAssertDemo">
        <test-method is-config="true" signature="beforeMethod()[pri:0, instance:org.expleo.SeleniumAndTesting.SoftAssertDemo@712625fd]" started-at="2026-04-17T16:22:12 IST" name="beforeMethod" finished-at="2026-04-17T16:22:15 IST" duration-ms="2464" status="PASS">
          <reporter-output>
          </reporter-output>
        </test-method> <!-- beforeMethod -->
        <test-method signature="Invalidlogin2()[pri:0, instance:org.expleo.SeleniumAndTesting.SoftAssertDemo@712625fd]" started-at="2026-04-17T16:22:15 IST" name="Invalidlogin2" finished-at="2026-04-17T16:22:16 IST" duration-ms="1668" status="PASS">
          <reporter-output>
          </reporter-output>
        </test-method> <!-- Invalidlogin2 -->
        <test-method is-config="true" signature="afterMethod()[pri:0, instance:org.expleo.SeleniumAndTesting.SoftAssertDemo@712625fd]" started-at="2026-04-17T16:22:16 IST" name="afterMethod" finished-at="2026-04-17T16:22:16 IST" duration-ms="234" status="PASS">
          <reporter-output>
          </reporter-output>
        </test-method> <!-- afterMethod -->
        <test-method is-config="true" signature="beforeMethod()[pri:0, instance:org.expleo.SeleniumAndTesting.SoftAssertDemo@712625fd]" started-at="2026-04-17T16:22:16 IST" name="beforeMethod" finished-at="2026-04-17T16:22:18 IST" duration-ms="1849" status="PASS">
          <reporter-output>
          </reporter-output>
        </test-method> <!-- beforeMethod -->
        <test-method signature="Invlaidlogin()[pri:0, instance:org.expleo.SeleniumAndTesting.SoftAssertDemo@712625fd]" started-at="2026-04-17T16:22:18 IST" name="Invlaidlogin" finished-at="2026-04-17T16:22:20 IST" duration-ms="1489" status="FAIL">
          <exception class="java.lang.AssertionError">
            <message>
              <![CDATA[The following asserts failed:
expected [User does not] but found [User does not exist.]]]>
            </message>
            <full-stacktrace>
              <![CDATA[java.lang.AssertionError: The following asserts failed:
expected [User does not] but found [User does not exist.]
at org.testng.asserts.SoftAssert.assertAll(SoftAssert.java:46)
at org.testng.asserts.SoftAssert.assertAll(SoftAssert.java:30)
at org.expleo.SeleniumAndTesting.SoftAssertDemo.Invlaidlogin(SoftAssertDemo.java:56)
at java.base/jdk.internal.reflect.DirectMethodHandleAccessor.invoke(DirectMethodHandleAccessor.java:103)
at java.base/java.lang.reflect.Method.invoke(Method.java:580)
at org.testng.internal.invokers.MethodInvocationHelper.invokeMethod(MethodInvocationHelper.java:141)
at org.testng.internal.invokers.TestInvoker.invokeMethod(TestInvoker.java:697)
at org.testng.internal.invokers.TestInvoker.invokeTestMethod(TestInvoker.java:230)
at org.testng.internal.invokers.MethodRunner.runInSequence(MethodRunner.java:63)
at org.testng.internal.invokers.TestInvoker$MethodInvocationAgent.invoke(TestInvoker.java:1005)
at org.testng.internal.invokers.TestInvoker.invokeTestMethods(TestInvoker.java:203)
at org.testng.internal.invokers.TestMethodWorker.invokeTestMethods(TestMethodWorker.java:154)
at org.testng.internal.invokers.TestMethodWorker.run(TestMethodWorker.java:134)
at java.base/java.util.ArrayList.forEach(ArrayList.java:1597)
at org.testng.TestRunner.privateRun(TestRunner.java:744)
at org.testng.TestRunner.run(TestRunner.java:616)
at org.testng.SuiteRunner.runTest(SuiteRunner.java:421)
at org.testng.SuiteRunner.runSequentially(SuiteRunner.java:413)
at org.testng.SuiteRunner.privateRun(SuiteRunner.java:373)
at org.testng.SuiteRunner.run(SuiteRunner.java:312)
at org.testng.SuiteRunnerWorker.runSuite(SuiteRunnerWorker.java:52)
at org.testng.SuiteRunnerWorker.run(SuiteRunnerWorker.java:95)
at org.testng.TestNG.runSuitesSequentially(TestNG.java:1274)
at org.testng.TestNG.runSuitesLocally(TestNG.java:1208)
at org.testng.TestNG.runSuites(TestNG.java:1112)
at org.testng.TestNG.run(TestNG.java:1079)
at org.testng.remote.AbstractRemoteTestNG.run(AbstractRemoteTestNG.java:115)
at org.testng.remote.RemoteTestNG.initAndRun(RemoteTestNG.java:293)
at org.testng.remote.RemoteTestNG.main(RemoteTestNG.java:91)
]]>
            </full-stacktrace>
          </exception> <!-- java.lang.AssertionError -->
          <reporter-output>
          </reporter-output>
        </test-method> <!-- Invlaidlogin -->
        <test-method is-config="true" signature="afterMethod()[pri:0, instance:org.expleo.SeleniumAndTesting.SoftAssertDemo@712625fd]" started-at="2026-04-17T16:22:20 IST" name="afterMethod" finished-at="2026-04-17T16:22:20 IST" duration-ms="269" status="PASS">
          <reporter-output>
          </reporter-output>
        </test-method> <!-- afterMethod -->
        <test-method is-config="true" signature="beforeMethod()[pri:0, instance:org.expleo.SeleniumAndTesting.SoftAssertDemo@712625fd]" started-at="2026-04-17T16:22:20 IST" name="beforeMethod" finished-at="2026-04-17T16:22:22 IST" duration-ms="1986" status="PASS">
          <reporter-output>
          </reporter-output>
        </test-method> <!-- beforeMethod -->
        <test-method signature="login()[pri:0, instance:org.expleo.SeleniumAndTesting.SoftAssertDemo@712625fd]" started-at="2026-04-17T16:22:22 IST" name="login" finished-at="2026-04-17T16:22:26 IST" duration-ms="3684" status="PASS">
          <reporter-output>
          </reporter-output>
        </test-method> <!-- login -->
        <test-method is-config="true" signature="afterMethod()[pri:0, instance:org.expleo.SeleniumAndTesting.SoftAssertDemo@712625fd]" started-at="2026-04-17T16:22:26 IST" name="afterMethod" finished-at="2026-04-17T16:22:26 IST" duration-ms="190" status="PASS">
          <reporter-output>
          </reporter-output>
        </test-method> <!-- afterMethod -->
      </class> <!-- org.expleo.SeleniumAndTesting.SoftAssertDemo -->
    </test> <!-- Default test -->
  </suite> <!-- Default suite -->
</testng-results>
