<?xml version="1.0" encoding="UTF-8"?>
<!-- Generated by org.testng.reporters.JUnitXMLReporter -->
<testsuite ignored="0" hostname="DharshanJayapal" failures="0" tests="6" name="Test" time="27.447" errors="0" timestamp="2026-04-30T11:27:29 IST">
  <testcase classname="com.tests.LoginPageTest" name="validloginTest" time="4.527"/>
  <testcase classname="com.tests.LoginPageTest" name="validLoginExcel" time="4.549"/>
  <testcase classname="com.tests.HomePageTest" name="homepageTest" time="6.038"/>
  <testcase classname="com.tests.LoginPageTest" name="invalidLoginExcel" time="1.136"/>
  <testcase classname="com.tests.ProductPageTest" name="productpageTest" time="7.869"/>
  <testcase classname="com.tests.LoginPageTest" name="invalidLoginExcel" time="1.027"/>
</testsuite> <!-- Test -->
