<?xml version="1.0" encoding="UTF-8"?>
<!-- Generated by org.testng.reporters.JUnitXMLReporter -->
<testsuite ignored="0" hostname="DharshanJayapal" failures="1" tests="6" name="Test" time="50.501" errors="0" timestamp="2026-04-29T19:18:56 IST">
  <testcase classname="com.tests.LoginPageTest" name="validloginTest" time="3.926">
    <failure type="java.lang.AssertionError" message="null">
      <![CDATA[java.lang.AssertionError: null
at com.tests.LoginPageTest.validloginTest(LoginPageTest.java:26)
at java.base/java.util.ArrayList.forEach(ArrayList.java:1597)
... Removed 27 stack frames]]>
    </failure>
  </testcase> <!-- validloginTest -->
  <testcase classname="com.tests.LoginPageTest" name="validLoginExcel" time="3.942"/>
  <testcase classname="com.tests.LoginPageTest" name="invalidLoginExcel" time="1.239"/>
  <testcase classname="com.tests.LoginPageTest" name="invalidLoginExcel" time="1.33"/>
  <testcase classname="com.tests.HomePageTest" name="homepageTest" time="9.563"/>
  <testcase classname="com.tests.ProductPageTest" name="productpageTest" time="7.801"/>
</testsuite> <!-- Test -->
