<?xml version="1.0" encoding="UTF-8"?>
<!-- Generated by org.testng.reporters.JUnitXMLReporter -->
<testsuite ignored="7" hostname="DharshanJayapal" failures="0" tests="2" name="Test" time="12.142" errors="0" timestamp="2026-04-17T12:34:36 IST">
  <testcase classname="org.expleo.SeleniumAndTesting.TestNG_Demo" name="Invlaidlogin" time="2.838"/>
  <testcase classname="org.expleo.SeleniumAndTesting.TestNG_Demo" name="Invalidlogin2" time="2.509"/>
  <testcase classname="org.expleo.SeleniumAndTesting.TestNG_Demo" name="login" time="0.0">
    <ignored/>
  </testcase> <!-- login -->
  <testcase classname="org.expleo.SeleniumAndTesting.TestAnnotationsExample" name="loginTest" time="0.0">
    <ignored/>
  </testcase> <!-- loginTest -->
  <testcase classname="org.expleo.SeleniumAndTesting.DemoTest1" name="a" time="0.0">
    <ignored/>
  </testcase> <!-- a -->
  <testcase classname="org.expleo.SeleniumAndTesting.TestAnnotationsExample" name="f" time="0.0">
    <ignored/>
  </testcase> <!-- f -->
  <testcase classname="org.expleo.SeleniumAndTesting.DemoTest1" name="b" time="0.0">
    <ignored/>
  </testcase> <!-- b -->
  <testcase classname="org.expleo.SeleniumAndTesting.DemoTest1" name="c" time="0.0">
    <ignored/>
  </testcase> <!-- c -->
  <testcase classname="org.expleo.SeleniumAndTesting.TestAnnotationsExample" name="logoutTest" time="0.0">
    <ignored/>
  </testcase> <!-- logoutTest -->
</testsuite> <!-- Test -->
