<?xml version="1.0" encoding="UTF-8"?>
<!-- Generated by org.testng.reporters.JUnitReportReporter -->
<testsuite hostname="DharshanJayapal" failures="0" tests="4" name="com.tests.LoginPageTest" time="66.726" errors="0" timestamp="2026-04-30T11:27:30 IST" skipped="0">
  <testcase classname="com.tests.LoginPageTest" name="validloginTest" time="21.851"/>
  <testcase classname="com.tests.LoginPageTest" name="validLoginExcel" time="7.300"/>
  <testcase classname="com.tests.LoginPageTest" name="invalidLoginExcel" time="16.255"/>
  <testcase classname="com.tests.LoginPageTest" name="invalidLoginExcel" time="21.320"/>
</testsuite> <!-- com.tests.LoginPageTest -->
