<?xml version="1.0" encoding="UTF-8"?>
<!-- Generated by org.testng.reporters.JUnitReportReporter -->
<testsuite hostname="DharshanJayapal" failures="0" tests="5" name="com.QaFoxDemo.QaFoxDemo" time="19.043" errors="0" timestamp="2026-04-22T14:35:02 IST" skipped="0">
  <testcase classname="com.QaFoxDemo.QaFoxDemo" name="invalidLogin" time="4.296"/>
  <testcase classname="com.QaFoxDemo.QaFoxDemo" name="invalidSearchKeyword" time="3.500"/>
  <testcase classname="com.QaFoxDemo.QaFoxDemo" name="validSearchKeyword" time="3.243"/>
  <testcase classname="com.QaFoxDemo.QaFoxDemo" name="invalidLogin" time="3.527"/>
  <testcase classname="com.QaFoxDemo.QaFoxDemo" name="validLogin" time="4.477"/>
</testsuite> <!-- com.QaFoxDemo.QaFoxDemo -->
