<?xml version="1.0" encoding="UTF-8"?>
<!-- Generated by org.testng.reporters.JUnitReportReporter -->
<testsuite hostname="DharshanJayapal" failures="0" tests="2" name="com.runner.RunnerTestNG" time="22.803" errors="1" timestamp="2026-05-07T16:40:00 IST" skipped="0">
  <testcase classname="com.runner.RunnerTestNG" name="runScenario" time="11.088">
    <error message="Cannot invoke &quot;org.openqa.selenium.WebElement.getText()&quot; because &quot;this.loginLocators.message&quot; is null" type="java.lang.NullPointerException">
      <![CDATA[java.lang.NullPointerException: Cannot invoke "org.openqa.selenium.WebElement.getText()" because "this.loginLocators.message" is null
at com.stepDefinition.LoginPageDefinition.the_user_should_see_invalid_credentials_message(LoginPageDefinition.java:37)
at ✽.the user should see invalid credentials message(file:///C:/Users/dhars/Documents/SeleniumAndTesting/HRMExtentReport/src/test/resources/com/features/LoginHRM.feature:14)
]]>
    </error>
  </testcase> <!-- runScenario -->
  <testcase classname="com.runner.RunnerTestNG" name="runScenario" time="11.715"/>
</testsuite> <!-- com.runner.RunnerTestNG -->
