<?xml version="1.0" encoding="UTF-8"?>
<!-- Generated by org.testng.reporters.JUnitXMLReporter -->
<testsuite ignored="3" hostname="DharshanJayapal" failures="0" tests="1" name="Test(failed)" time="5.14" errors="0" timestamp="2026-04-22T14:32:16 IST">
  <testcase classname="com.QaFoxDemo.QaFoxDemo" name="validLogin" time="2.051"/>
  <testcase classname="com.QaFoxDemo.QaFoxDemo" name="invalidSearchKeyword" time="0.0">
    <ignored/>
  </testcase> <!-- invalidSearchKeyword -->
  <testcase classname="com.QaFoxDemo.QaFoxDemo" name="validSearchKeyword" time="0.0">
    <ignored/>
  </testcase> <!-- validSearchKeyword -->
  <testcase classname="com.QaFoxDemo.QaFoxDemo" name="invalidLogin" time="0.0">
    <ignored/>
  </testcase> <!-- invalidLogin -->
</testsuite> <!-- Test(failed) -->
