<?xml version="1.0" encoding="UTF-8"?>
<!-- Generated by org.testng.reporters.JUnitReportReporter -->
<testsuite hostname="DharshanJayapal" failures="0" tests="3" name="com.runner.TestngRunner" time="14.695" errors="0" timestamp="2026-05-04T15:16:21 IST" skipped="0">
  <testcase classname="com.runner.TestngRunner" name="runScenario" time="4.278"/>
  <testcase classname="com.runner.TestngRunner" name="runScenario" time="6.157"/>
  <testcase classname="com.runner.TestngRunner" name="runScenario" time="4.260"/>
</testsuite> <!-- com.runner.TestngRunner -->
