<?xml version="1.0" encoding="UTF-8"?>
<!-- Generated by org.testng.reporters.JUnitXMLReporter -->
<testsuite ignored="0" hostname="DharshanJayapal" failures="0" tests="4" name="Default test" time="0.074" errors="0" timestamp="2026-04-16T15:49:25 IST">
  <testcase classname="org.expleo.SeleniumAndTesting.TestAnnotationsExample" name="f" time="0.006"/>
  <testcase classname="org.expleo.SeleniumAndTesting.TestAnnotationsExample" name="f" time="0.002"/>
  <testcase classname="org.expleo.SeleniumAndTesting.TestAnnotationsExample" name="loginTest" time="0.002"/>
  <testcase classname="org.expleo.SeleniumAndTesting.TestAnnotationsExample" name="logoutTest" time="0.002"/>
</testsuite> <!-- Default test -->
